Received Data: {"username":"TestUser3","email":"testuser3@example.com","password":"mypassword1234"}
Hashed Password: $2y$10$homF.OQfTf2JywRXzFqn8.jcYhnIwcos3H1ds3s5fOEbslB45MQ.q
Received Data: {"username":"TestUser","email":"testuser@example.com","password":"mypassword1234"}
Hashed Password: $2y$10$sSmm.u3PY7Lr1sILwVgpqelu6GybB.AXctKy1G/9c6GepRCg51lk2
Received Data: {"username":"TestUser2","email":"testuser2@example.com","password":"mypassword1234"}
Hashed Password: $2y$10$rxA.saLZVz5LVu7kluPNSu3HjN86bRgMuc6thJ49mtz9dnNaAaWz.
Received Data: {"username":"TestUser3","email":"testuser3@example.com","password":"mypassword1234"}
Hashed Password: $2y$10$07Gts2xQ.gbAfSSdPC2Ute1ggjEL2e2ZYOV8D8dk5BFcrogWps0Ui
Received Data: {"username":"TestUser4","email":"testuser4@example.com","password":"mypassword1254"}
Hashed Password: $2y$10$Pn5T6CXx6ZUSUS2825hFquoaZn08Mkf40dyKX.afk69XVzDshxv.u
Received Data: {"username":"JohnDoe","email":"johndoe@example.com","password":"123456"}
Hashed Password: $2y$10$jhNhuh5LAPjtTcq.w3w50ub.uhxNE/J0.18zScdYfDcMQePL6mnme
Received Data: {"username":"JohnDoe","email":"johndoe@example.com","password":"123456"}
Hashed Password: $2y$10$ASiEwR/n.n75uG5nLx9/cecvzu07Yv5REmw8lN/hpZPZdFmLnYFfu
Received Data: {"username":"JohnDoe","email":"johndoe@example.com","password":"123456"}
Hashed Password: $2y$10$faKCFoS.gmKV9ftA733wEuoXOfknEQQNSHb79aOMO5EoV.RK5OMva
Received Data: {"username":"JohnDoe2","email":"johndoe256@example.com","password":"1234154"}
Hashed Password: $2y$10$wjHQQJFC7KoRhNnVSb6hu.G8yDeqS0E3wqXGa5JL2F/1lsiQo1mzm
Received Data: {"username":"Ronnachai","email":"tommnv27051@gmail.com","password":"4412570274"}
Hashed Password: $2y$10$a2z3xkn5YEQqfXgTuHRVguxFEdaSGxe20ajV0njkcE26S6h1pgvqy
Received Data: {"username":"Ronnachai","email":"motobikerental64@gmail.com","password":"4412570274"}
Hashed Password: $2y$10$jTp5m66CqkUv6rTz4epPDOaJy2GLnqs6n3e1cEPaIxXLyxxdWTtVi
Received Data: {"username":"Ronnachai22","email":"motobikerental64@gmail.com","password":"441257"}
Hashed Password: $2y$10$qOaYUjP11vZPOvUH7i1lSuZlk6EDHEbzRpmbwECdOiX2FIvGEIpkO
Received Data: {"username":"Ronnachai221","email":"motobikerental64@gmail.com","password":"441257"}
Hashed Password: $2y$10$L5/UqUyTmrOofL99og8KtucsuS9DSotTO8OanG.2mSpCVMTkCvYv.
Received Data: {"username":"Ronnachai221","email":"motobikerenta64@gmail.com","password":"441257"}
Hashed Password: $2y$10$z4KX5LrHwv2bUDoXeatOx.qqQfYznmLDMavxrVM/z4snSJvEzKHnW
Received Data: {"username":"ronnachai220","email":"motobikerenta64@gmail.com","password":"2253365"}
Hashed Password: $2y$10$dOS5GF6M.NvG81szEwDASO7RoAhFVC66pp2nOTVqksFVis0mCJp76
Received Data: {"username":"Maotobike","email":"motobikerenta64@gmail.com","password":"1256334"}
Hashed Password: $2y$10$A41uwLoI0Ia7ZiOvMRZyv.gWmzFkmEJS24DKgEYKWxS.dbf4CB0qK
Received Data: {"username":"Maotobike","email":"motobikerenta64@gmail.com","password":"1256334"}
Hashed Password: $2y$10$gQaDPQQBkB1BbF3PmQYJY.3bJx9T9sodW0nZwOHdymtkh550R2t22
Received Data: {"username":"Maotobike","email":"motobikerenta64@gmail.com","password":"1256334"}
Hashed Password: $2y$10$na9lBWkPLIXZuFUGO9kSY.te1SHJ5Na7FjrrIPIUJnbaKYldG9zQG
Received Data: {"username":"tommnv27051","email":"motobikerenta64@gmail.com","password":"5679985"}
Hashed Password: $2y$10$opfoASUAtLRTywcmmwvRAe.rTbWFIHHZmrgk3litcYkyFcCyC2B/.
Received Data: {"username":"James_of","email":"motobikerenta64@gmail.com","password":"okoko45683"}
Hashed Password: $2y$10$uwm2iUinmf6.t9OqfhAZhe7Jdpwzb5K6xFD.5DF3tvorLJCMzbpNi
Received Data: {"username":"James_of","email":"tommnv27051@gmail.com","password":"okoko45683"}
Hashed Password: $2y$10$rc3dT4kuVItCi4ZXyRDr1.9ZZJ9Puca6eHpQDptaAretU.b3A85V2
Received Data: {"username":"James1254","email":"tommnv27051@gmail.com","password":"okoko45683"}
Hashed Password: $2y$10$/W/NKeiTJTNVPynHFevzS.KGQfFw7UzfLqBI.3GyIK5sp2ylBYTVC
Received Data: {"username":"James1254","email":"tommnv27051@gmail.com","password":"okoko45683"}
Hashed Password: $2y$10$BQmOZ.RQJAlHrFc3YCEbjuABhm2wCtD3vkF7q3.cMuriqADPK074m
Received Data: {"username":"transpost","email":"tommnv27051@gmail.com","password":"6445683"}
Hashed Password: $2y$10$4G5t.RT3DJCF0NNPceYoNeTh1bYUZA.zZgcb7Xa8zKG9CPa33nnoO
Received Data: {"username":"transpost2","email":"tommnv27051@gmail.com","password":"6445683"}
Hashed Password: $2y$10$Tf68r2.0TiSi41lO5E7Av.7rt6miE9pSEvw0Dnx.Rrn7D4BDbQx62
Received Data: {"username":"transpost3","email":"tommnv27051@gmail.com","password":"6445683"}
Hashed Password: $2y$10$0aY4TBruVJs/K76EGUGLHeJHgFcRNe7ZIXWbaL6KXyE3QmiXoFihi
Received Data: {"username":"transpost3","email":"tommnv27051@gmail.com","password":"6445683"}
Hashed Password: $2y$10$VlBeGvkEe.CpUrd0.ujjy.f6aVRBKULW8BS4wdnJ4U15lQxPSAzji
